<?xml version="1.0" encoding="UTF-8"?>
<!-- Generated by org.testng.reporters.JUnitReportReporter -->
<testsuite hostname="Arnabs-MacBook-Air.local" failures="0" tests="1" name="testClasses.TC_001_Login" time="1.700" errors="0" timestamp="2025-05-22T17:37:42 IST" skipped="0">
  <testcase classname="testClasses.TC_001_Login" name="login" time="1.700"/>
</testsuite> <!-- testClasses.TC_001_Login -->
