<?xml version="1.0" encoding="UTF-8"?>
<!-- Generated by org.testng.reporters.JUnitReportReporter -->
<<<<<<< HEAD
<testsuite hostname="LAPTOP-AG811B6D" failures="0" tests="2" name="testClasses.TC_001_Login" time="2.841" errors="0" timestamp="2025-05-23T18:09:40 IST" skipped="0">
  <testcase classname="testClasses.TC_001_Login" name="login" time="1.430"/>
  <testcase classname="testClasses.TC_001_Login" name="login" time="1.411"/>
=======
<testsuite hostname="Arnabs-MacBook-Air.local" failures="0" tests="1" name="testClasses.TC_001_Login" time="1.700" errors="0" timestamp="2025-05-22T17:37:42 IST" skipped="0">
  <testcase classname="testClasses.TC_001_Login" name="login" time="1.700"/>
>>>>>>> d5c15cc743b3cdfa036740b26823370cc5b0292b
</testsuite> <!-- testClasses.TC_001_Login -->
